<?xml version="1.0" encoding="UTF-8"?>
<testsuite xmlns:xsi="http://www.w3.org/2001/XMLSchema-instance" xsi:noNamespaceSchemaLocation="https://maven.apache.org/surefire/maven-surefire-plugin/xsd/surefire-test-report-3.0.xsd" version="3.0" name="TestSuite" time="21.518" tests="11" errors="0" skipped="0" failures="2">
  <properties>
    <property name="java.specification.version" value="17"/>
    <property name="sun.cpu.isalist" value="amd64"/>
    <property name="sun.jnu.encoding" value="Cp1252"/>
    <property name="java.class.path" value="A:\ApiTestingProjects\notesapi\target\test-classes;A:\ApiTestingProjects\notesapi\target\classes;C:\Users\Santosh Sharma\.m2\repository\io\rest-assured\rest-assured\5.3.0\rest-assured-5.3.0.jar;C:\Users\Santosh Sharma\.m2\repository\org\apache\groovy\groovy\4.0.6\groovy-4.0.6.jar;C:\Users\Santosh Sharma\.m2\repository\org\apache\groovy\groovy-xml\4.0.6\groovy-xml-4.0.6.jar;C:\Users\Santosh Sharma\.m2\repository\org\apache\httpcomponents\httpclient\4.5.13\httpclient-4.5.13.jar;C:\Users\Santosh Sharma\.m2\repository\org\apache\httpcomponents\httpcore\4.4.13\httpcore-4.4.13.jar;C:\Users\Santosh Sharma\.m2\repository\commons-logging\commons-logging\1.2\commons-logging-1.2.jar;C:\Users\Santosh Sharma\.m2\repository\org\apache\httpcomponents\httpmime\4.5.13\httpmime-4.5.13.jar;C:\Users\Santosh Sharma\.m2\repository\org\ccil\cowan\tagsoup\tagsoup\1.2.1\tagsoup-1.2.1.jar;C:\Users\Santosh Sharma\.m2\repository\io\rest-assured\xml-path\5.3.0\xml-path-5.3.0.jar;C:\Users\Santosh Sharma\.m2\repository\org\hamcrest\hamcrest\2.2\hamcrest-2.2.jar;C:\Users\Santosh Sharma\.m2\repository\io\rest-assured\json-path\5.3.0\json-path-5.3.0.jar;C:\Users\Santosh Sharma\.m2\repository\org\apache\groovy\groovy-json\4.0.6\groovy-json-4.0.6.jar;C:\Users\Santosh Sharma\.m2\repository\io\rest-assured\rest-assured-common\5.3.0\rest-assured-common-5.3.0.jar;C:\Users\Santosh Sharma\.m2\repository\org\testng\testng\7.7.0\testng-7.7.0.jar;C:\Users\Santosh Sharma\.m2\repository\org\slf4j\slf4j-api\1.7.36\slf4j-api-1.7.36.jar;C:\Users\Santosh Sharma\.m2\repository\com\beust\jcommander\1.82\jcommander-1.82.jar;C:\Users\Santosh Sharma\.m2\repository\org\webjars\jquery\3.6.1\jquery-3.6.1.jar;C:\Users\Santosh Sharma\.m2\repository\io\rest-assured\json-schema-validator\5.3.0\json-schema-validator-5.3.0.jar;C:\Users\Santosh Sharma\.m2\repository\com\github\java-json-tools\json-schema-validator\2.2.14\json-schema-validator-2.2.14.jar;C:\Users\Santosh Sharma\.m2\repository\com\google\guava\guava\28.2-android\guava-28.2-android.jar;C:\Users\Santosh Sharma\.m2\repository\com\google\guava\failureaccess\1.0.1\failureaccess-1.0.1.jar;C:\Users\Santosh Sharma\.m2\repository\com\google\guava\listenablefuture\9999.0-empty-to-avoid-conflict-with-guava\listenablefuture-9999.0-empty-to-avoid-conflict-with-guava.jar;C:\Users\Santosh Sharma\.m2\repository\org\checkerframework\checker-compat-qual\2.5.5\checker-compat-qual-2.5.5.jar;C:\Users\Santosh Sharma\.m2\repository\com\google\errorprone\error_prone_annotations\2.3.4\error_prone_annotations-2.3.4.jar;C:\Users\Santosh Sharma\.m2\repository\com\google\j2objc\j2objc-annotations\1.3\j2objc-annotations-1.3.jar;C:\Users\Santosh Sharma\.m2\repository\com\github\java-json-tools\jackson-coreutils-equivalence\1.0\jackson-coreutils-equivalence-1.0.jar;C:\Users\Santosh Sharma\.m2\repository\com\github\java-json-tools\jackson-coreutils\2.0\jackson-coreutils-2.0.jar;C:\Users\Santosh Sharma\.m2\repository\com\github\java-json-tools\msg-simple\1.2\msg-simple-1.2.jar;C:\Users\Santosh Sharma\.m2\repository\com\github\java-json-tools\btf\1.3\btf-1.3.jar;C:\Users\Santosh Sharma\.m2\repository\com\github\java-json-tools\json-schema-core\1.2.14\json-schema-core-1.2.14.jar;C:\Users\Santosh Sharma\.m2\repository\com\github\java-json-tools\uri-template\0.10\uri-template-0.10.jar;C:\Users\Santosh Sharma\.m2\repository\org\mozilla\rhino\1.7.7.2\rhino-1.7.7.2.jar;C:\Users\Santosh Sharma\.m2\repository\com\sun\mail\mailapi\1.6.2\mailapi-1.6.2.jar;C:\Users\Santosh Sharma\.m2\repository\joda-time\joda-time\2.10.5\joda-time-2.10.5.jar;C:\Users\Santosh Sharma\.m2\repository\com\googlecode\libphonenumber\libphonenumber\8.11.1\libphonenumber-8.11.1.jar;C:\Users\Santosh Sharma\.m2\repository\com\google\code\findbugs\jsr305\3.0.2\jsr305-3.0.2.jar;C:\Users\Santosh Sharma\.m2\repository\net\sf\jopt-simple\jopt-simple\5.0.4\jopt-simple-5.0.4.jar;C:\Users\Santosh Sharma\.m2\repository\org\json\json\20220924\json-20220924.jar;C:\Users\Santosh Sharma\.m2\repository\com\github\scribejava\scribejava-apis\8.3.1\scribejava-apis-8.3.1.jar;C:\Users\Santosh Sharma\.m2\repository\com\github\scribejava\scribejava-core\8.3.1\scribejava-core-8.3.1.jar;C:\Users\Santosh Sharma\.m2\repository\com\github\scribejava\scribejava-java8\8.3.1\scribejava-java8-8.3.1.jar;C:\Users\Santosh Sharma\.m2\repository\com\fasterxml\jackson\core\jackson-databind\2.14.2\jackson-databind-2.14.2.jar;C:\Users\Santosh Sharma\.m2\repository\com\fasterxml\jackson\core\jackson-annotations\2.14.2\jackson-annotations-2.14.2.jar;C:\Users\Santosh Sharma\.m2\repository\com\fasterxml\jackson\core\jackson-core\2.14.2\jackson-core-2.14.2.jar;C:\Users\Santosh Sharma\.m2\repository\com\google\code\gson\gson\2.9.0\gson-2.9.0.jar;C:\Users\Santosh Sharma\.m2\repository\com\github\javafaker\javafaker\1.0.2\javafaker-1.0.2.jar;C:\Users\Santosh Sharma\.m2\repository\org\apache\commons\commons-lang3\3.5\commons-lang3-3.5.jar;C:\Users\Santosh Sharma\.m2\repository\org\yaml\snakeyaml\1.23\snakeyaml-1.23-android.jar;C:\Users\Santosh Sharma\.m2\repository\com\github\mifmif\generex\1.0.2\generex-1.0.2.jar;C:\Users\Santosh Sharma\.m2\repository\dk\brics\automaton\automaton\1.11-8\automaton-1.11-8.jar;C:\Users\Santosh Sharma\.m2\repository\org\apache\poi\poi\5.2.2\poi-5.2.2.jar;C:\Users\Santosh Sharma\.m2\repository\commons-codec\commons-codec\1.15\commons-codec-1.15.jar;C:\Users\Santosh Sharma\.m2\repository\org\apache\commons\commons-collections4\4.4\commons-collections4-4.4.jar;C:\Users\Santosh Sharma\.m2\repository\org\apache\commons\commons-math3\3.6.1\commons-math3-3.6.1.jar;C:\Users\Santosh Sharma\.m2\repository\commons-io\commons-io\2.11.0\commons-io-2.11.0.jar;C:\Users\Santosh Sharma\.m2\repository\com\zaxxer\SparseBitSet\1.2\SparseBitSet-1.2.jar;C:\Users\Santosh Sharma\.m2\repository\org\apache\logging\log4j\log4j-api\2.17.2\log4j-api-2.17.2.jar;C:\Users\Santosh Sharma\.m2\repository\org\apache\poi\poi-ooxml\5.2.2\poi-ooxml-5.2.2.jar;C:\Users\Santosh Sharma\.m2\repository\org\apache\poi\poi-ooxml-lite\5.2.2\poi-ooxml-lite-5.2.2.jar;C:\Users\Santosh Sharma\.m2\repository\org\apache\xmlbeans\xmlbeans\5.0.3\xmlbeans-5.0.3.jar;C:\Users\Santosh Sharma\.m2\repository\org\apache\commons\commons-compress\1.21\commons-compress-1.21.jar;C:\Users\Santosh Sharma\.m2\repository\com\github\virtuald\curvesapi\1.07\curvesapi-1.07.jar;C:\Users\Santosh Sharma\.m2\repository\com\aventstack\extentreports\5.0.9\extentreports-5.0.9.jar;C:\Users\Santosh Sharma\.m2\repository\io\reactivex\rxjava3\rxjava\3.0.4\rxjava-3.0.4.jar;C:\Users\Santosh Sharma\.m2\repository\org\reactivestreams\reactive-streams\1.0.3\reactive-streams-1.0.3.jar;C:\Users\Santosh Sharma\.m2\repository\org\freemarker\freemarker\2.3.30\freemarker-2.3.30.jar;C:\Users\Santosh Sharma\.m2\repository\org\projectlombok\lombok\1.18.26\lombok-1.18.26.jar;"/>
    <property name="java.vm.vendor" value="Oracle Corporation"/>
    <property name="sun.arch.data.model" value="64"/>
    <property name="user.variant" value=""/>
    <property name="java.vendor.url" value="https://java.oracle.com/"/>
    <property name="user.timezone" value="Asia/Calcutta"/>
    <property name="os.name" value="Windows 10"/>
    <property name="java.vm.specification.version" value="17"/>
    <property name="sun.java.launcher" value="SUN_STANDARD"/>
    <property name="user.country" value="IN"/>
    <property name="sun.boot.library.path" value="C:\Program Files\Java\jdk-17.0.3.1\bin"/>
    <property name="sun.java.command" value="C:\Users\Santosh Sharma\AppData\Local\Temp\surefire1764715321522661605\surefirebooter5765797326152329166.jar C:\Users\Santosh Sharma\AppData\Local\Temp\surefire1764715321522661605 2023-05-31T13-22-33_631-jvmRun1 surefire4608090497187618382tmp surefire_010813709165008545739tmp"/>
    <property name="jdk.debug" value="release"/>
    <property name="surefire.test.class.path" value="A:\ApiTestingProjects\notesapi\target\test-classes;A:\ApiTestingProjects\notesapi\target\classes;C:\Users\Santosh Sharma\.m2\repository\io\rest-assured\rest-assured\5.3.0\rest-assured-5.3.0.jar;C:\Users\Santosh Sharma\.m2\repository\org\apache\groovy\groovy\4.0.6\groovy-4.0.6.jar;C:\Users\Santosh Sharma\.m2\repository\org\apache\groovy\groovy-xml\4.0.6\groovy-xml-4.0.6.jar;C:\Users\Santosh Sharma\.m2\repository\org\apache\httpcomponents\httpclient\4.5.13\httpclient-4.5.13.jar;C:\Users\Santosh Sharma\.m2\repository\org\apache\httpcomponents\httpcore\4.4.13\httpcore-4.4.13.jar;C:\Users\Santosh Sharma\.m2\repository\commons-logging\commons-logging\1.2\commons-logging-1.2.jar;C:\Users\Santosh Sharma\.m2\repository\org\apache\httpcomponents\httpmime\4.5.13\httpmime-4.5.13.jar;C:\Users\Santosh Sharma\.m2\repository\org\ccil\cowan\tagsoup\tagsoup\1.2.1\tagsoup-1.2.1.jar;C:\Users\Santosh Sharma\.m2\repository\io\rest-assured\xml-path\5.3.0\xml-path-5.3.0.jar;C:\Users\Santosh Sharma\.m2\repository\org\hamcrest\hamcrest\2.2\hamcrest-2.2.jar;C:\Users\Santosh Sharma\.m2\repository\io\rest-assured\json-path\5.3.0\json-path-5.3.0.jar;C:\Users\Santosh Sharma\.m2\repository\org\apache\groovy\groovy-json\4.0.6\groovy-json-4.0.6.jar;C:\Users\Santosh Sharma\.m2\repository\io\rest-assured\rest-assured-common\5.3.0\rest-assured-common-5.3.0.jar;C:\Users\Santosh Sharma\.m2\repository\org\testng\testng\7.7.0\testng-7.7.0.jar;C:\Users\Santosh Sharma\.m2\repository\org\slf4j\slf4j-api\1.7.36\slf4j-api-1.7.36.jar;C:\Users\Santosh Sharma\.m2\repository\com\beust\jcommander\1.82\jcommander-1.82.jar;C:\Users\Santosh Sharma\.m2\repository\org\webjars\jquery\3.6.1\jquery-3.6.1.jar;C:\Users\Santosh Sharma\.m2\repository\io\rest-assured\json-schema-validator\5.3.0\json-schema-validator-5.3.0.jar;C:\Users\Santosh Sharma\.m2\repository\com\github\java-json-tools\json-schema-validator\2.2.14\json-schema-validator-2.2.14.jar;C:\Users\Santosh Sharma\.m2\repository\com\google\guava\guava\28.2-android\guava-28.2-android.jar;C:\Users\Santosh Sharma\.m2\repository\com\google\guava\failureaccess\1.0.1\failureaccess-1.0.1.jar;C:\Users\Santosh Sharma\.m2\repository\com\google\guava\listenablefuture\9999.0-empty-to-avoid-conflict-with-guava\listenablefuture-9999.0-empty-to-avoid-conflict-with-guava.jar;C:\Users\Santosh Sharma\.m2\repository\org\checkerframework\checker-compat-qual\2.5.5\checker-compat-qual-2.5.5.jar;C:\Users\Santosh Sharma\.m2\repository\com\google\errorprone\error_prone_annotations\2.3.4\error_prone_annotations-2.3.4.jar;C:\Users\Santosh Sharma\.m2\repository\com\google\j2objc\j2objc-annotations\1.3\j2objc-annotations-1.3.jar;C:\Users\Santosh Sharma\.m2\repository\com\github\java-json-tools\jackson-coreutils-equivalence\1.0\jackson-coreutils-equivalence-1.0.jar;C:\Users\Santosh Sharma\.m2\repository\com\github\java-json-tools\jackson-coreutils\2.0\jackson-coreutils-2.0.jar;C:\Users\Santosh Sharma\.m2\repository\com\github\java-json-tools\msg-simple\1.2\msg-simple-1.2.jar;C:\Users\Santosh Sharma\.m2\repository\com\github\java-json-tools\btf\1.3\btf-1.3.jar;C:\Users\Santosh Sharma\.m2\repository\com\github\java-json-tools\json-schema-core\1.2.14\json-schema-core-1.2.14.jar;C:\Users\Santosh Sharma\.m2\repository\com\github\java-json-tools\uri-template\0.10\uri-template-0.10.jar;C:\Users\Santosh Sharma\.m2\repository\org\mozilla\rhino\1.7.7.2\rhino-1.7.7.2.jar;C:\Users\Santosh Sharma\.m2\repository\com\sun\mail\mailapi\1.6.2\mailapi-1.6.2.jar;C:\Users\Santosh Sharma\.m2\repository\joda-time\joda-time\2.10.5\joda-time-2.10.5.jar;C:\Users\Santosh Sharma\.m2\repository\com\googlecode\libphonenumber\libphonenumber\8.11.1\libphonenumber-8.11.1.jar;C:\Users\Santosh Sharma\.m2\repository\com\google\code\findbugs\jsr305\3.0.2\jsr305-3.0.2.jar;C:\Users\Santosh Sharma\.m2\repository\net\sf\jopt-simple\jopt-simple\5.0.4\jopt-simple-5.0.4.jar;C:\Users\Santosh Sharma\.m2\repository\org\json\json\20220924\json-20220924.jar;C:\Users\Santosh Sharma\.m2\repository\com\github\scribejava\scribejava-apis\8.3.1\scribejava-apis-8.3.1.jar;C:\Users\Santosh Sharma\.m2\repository\com\github\scribejava\scribejava-core\8.3.1\scribejava-core-8.3.1.jar;C:\Users\Santosh Sharma\.m2\repository\com\github\scribejava\scribejava-java8\8.3.1\scribejava-java8-8.3.1.jar;C:\Users\Santosh Sharma\.m2\repository\com\fasterxml\jackson\core\jackson-databind\2.14.2\jackson-databind-2.14.2.jar;C:\Users\Santosh Sharma\.m2\repository\com\fasterxml\jackson\core\jackson-annotations\2.14.2\jackson-annotations-2.14.2.jar;C:\Users\Santosh Sharma\.m2\repository\com\fasterxml\jackson\core\jackson-core\2.14.2\jackson-core-2.14.2.jar;C:\Users\Santosh Sharma\.m2\repository\com\google\code\gson\gson\2.9.0\gson-2.9.0.jar;C:\Users\Santosh Sharma\.m2\repository\com\github\javafaker\javafaker\1.0.2\javafaker-1.0.2.jar;C:\Users\Santosh Sharma\.m2\repository\org\apache\commons\commons-lang3\3.5\commons-lang3-3.5.jar;C:\Users\Santosh Sharma\.m2\repository\org\yaml\snakeyaml\1.23\snakeyaml-1.23-android.jar;C:\Users\Santosh Sharma\.m2\repository\com\github\mifmif\generex\1.0.2\generex-1.0.2.jar;C:\Users\Santosh Sharma\.m2\repository\dk\brics\automaton\automaton\1.11-8\automaton-1.11-8.jar;C:\Users\Santosh Sharma\.m2\repository\org\apache\poi\poi\5.2.2\poi-5.2.2.jar;C:\Users\Santosh Sharma\.m2\repository\commons-codec\commons-codec\1.15\commons-codec-1.15.jar;C:\Users\Santosh Sharma\.m2\repository\org\apache\commons\commons-collections4\4.4\commons-collections4-4.4.jar;C:\Users\Santosh Sharma\.m2\repository\org\apache\commons\commons-math3\3.6.1\commons-math3-3.6.1.jar;C:\Users\Santosh Sharma\.m2\repository\commons-io\commons-io\2.11.0\commons-io-2.11.0.jar;C:\Users\Santosh Sharma\.m2\repository\com\zaxxer\SparseBitSet\1.2\SparseBitSet-1.2.jar;C:\Users\Santosh Sharma\.m2\repository\org\apache\logging\log4j\log4j-api\2.17.2\log4j-api-2.17.2.jar;C:\Users\Santosh Sharma\.m2\repository\org\apache\poi\poi-ooxml\5.2.2\poi-ooxml-5.2.2.jar;C:\Users\Santosh Sharma\.m2\repository\org\apache\poi\poi-ooxml-lite\5.2.2\poi-ooxml-lite-5.2.2.jar;C:\Users\Santosh Sharma\.m2\repository\org\apache\xmlbeans\xmlbeans\5.0.3\xmlbeans-5.0.3.jar;C:\Users\Santosh Sharma\.m2\repository\org\apache\commons\commons-compress\1.21\commons-compress-1.21.jar;C:\Users\Santosh Sharma\.m2\repository\com\github\virtuald\curvesapi\1.07\curvesapi-1.07.jar;C:\Users\Santosh Sharma\.m2\repository\com\aventstack\extentreports\5.0.9\extentreports-5.0.9.jar;C:\Users\Santosh Sharma\.m2\repository\io\reactivex\rxjava3\rxjava\3.0.4\rxjava-3.0.4.jar;C:\Users\Santosh Sharma\.m2\repository\org\reactivestreams\reactive-streams\1.0.3\reactive-streams-1.0.3.jar;C:\Users\Santosh Sharma\.m2\repository\org\freemarker\freemarker\2.3.30\freemarker-2.3.30.jar;C:\Users\Santosh Sharma\.m2\repository\org\projectlombok\lombok\1.18.26\lombok-1.18.26.jar;"/>
    <property name="sun.cpu.endian" value="little"/>
    <property name="user.home" value="C:\Users\Santosh Sharma"/>
    <property name="user.language" value="en"/>
    <property name="java.specification.vendor" value="Oracle Corporation"/>
    <property name="java.version.date" value="2022-04-22"/>
    <property name="java.home" value="C:\Program Files\Java\jdk-17.0.3.1"/>
    <property name="file.separator" value="\"/>
    <property name="basedir" value="A:\ApiTestingProjects\notesapi"/>
    <property name="java.vm.compressedOopsMode" value="32-bit"/>
    <property name="line.separator" value="&#10;"/>
    <property name="java.vm.specification.vendor" value="Oracle Corporation"/>
    <property name="java.specification.name" value="Java Platform API Specification"/>
    <property name="surefire.real.class.path" value="C:\Users\Santosh Sharma\AppData\Local\Temp\surefire1764715321522661605\surefirebooter5765797326152329166.jar"/>
    <property name="user.script" value=""/>
    <property name="sun.management.compiler" value="HotSpot 64-Bit Tiered Compilers"/>
    <property name="java.runtime.version" value="17.0.3.1+2-LTS-6"/>
    <property name="user.name" value="Santosh Sharma"/>
    <property name="path.separator" value=";"/>
    <property name="os.version" value="10.0"/>
    <property name="java.runtime.name" value="Java(TM) SE Runtime Environment"/>
    <property name="file.encoding" value="Cp1252"/>
    <property name="java.vm.name" value="Java HotSpot(TM) 64-Bit Server VM"/>
    <property name="localRepository" value="C:\Users\Santosh Sharma\.m2\repository"/>
    <property name="java.vendor.url.bug" value="https://bugreport.java.com/bugreport/"/>
    <property name="java.io.tmpdir" value="C:\Users\SANTOS~1\AppData\Local\Temp\"/>
    <property name="java.version" value="17.0.3.1"/>
    <property name="user.dir" value="A:\ApiTestingProjects\notesapi"/>
    <property name="os.arch" value="amd64"/>
    <property name="java.vm.specification.name" value="Java Virtual Machine Specification"/>
    <property name="sun.os.patch.level" value=""/>
    <property name="native.encoding" value="Cp1252"/>
    <property name="java.library.path" value="C:\Program Files\Java\jdk-17.0.3.1\bin;C:\WINDOWS\Sun\Java\bin;C:\WINDOWS\system32;C:\WINDOWS;C:\anaconda3;C:\anaconda3\Library\mingw-w64\bin;C:\anaconda3\Library\usr\bin;C:\anaconda3\Library\bin;C:\anaconda3\Scripts;C:\anaconda3\bin;C:\anaconda3\condabin;C:\Program Files\Common Files\Oracle\Java\javapath;C:\Program Files\Python39\Scripts;C:\Program Files\Python39;C:\ProgramData\Oracle\Java\javapath;C:\Program Files (x86)\Lenovo\FusionEngine;C:\WINDOWS\system32;C:\WINDOWS;C:\WINDOWS\System32\Wbem;C:\WINDOWS\System32\WindowsPowerShell\v1.0;C:\WINDOWS\System32\OpenSSH;C:\Program Files\Intel\WiFi\bin;C:\Program Files\Common Files\Intel\WirelessCommon;C:\Program Files\Notepad++;C:\Program Files\Microsoft SQL Server\130\Tools\Binn;C:\Program Files\Git\cmd;C:\Program Files\Java\jdk-17.0.3.1\bin;C:\apache-maven-3.8.5\bin;C:\Program Files\dotnet;C:\Program Files\nodejs;C:\Program Files\nodejs\node_modules;C:\gradle-8.1.1\bin;C:\Program Files\MySQL\MySQL Shell 8.0\bin;C:\Users\Santosh Sharma\AppData\Local\Microsoft\WindowsApps;C:\Program Files\Intel\WiFi\bin;C:\Program Files\Common Files\Intel\WirelessCommon;C:\Users\Santosh Sharma\AppData\Local\Programs\Microsoft VS Code\bin;C:\Program Files\heroku\bin;C:\Users\Santosh Sharma\.dotnet\tools;C:\Program Files\JetBrains\PyCharm Community Edition 2021.3.2\bin;.;C:\Program Files\Java\jre1.8.0_251\bin;C:\Users\Santosh Sharma\AppData\Roaming\npm;."/>
    <property name="java.vm.info" value="mixed mode, sharing"/>
    <property name="java.vendor" value="Oracle Corporation"/>
    <property name="java.vm.version" value="17.0.3.1+2-LTS-6"/>
    <property name="sun.io.unicode.encoding" value="UnicodeLittle"/>
    <property name="java.class.version" value="61.0"/>
  </properties>
  <testcase name="createNewUser" classname="com.notesapi.tests.UsersTests" time="8.032">
    <system-out><![CDATA[Request method:	POST
Request URI:	https://practice.expandtesting.com/notes/api/users/register
Proxy:			<none>
Request params:	<none>
Query params:	<none>
Form params:	<none>
Path params:	<none>
Headers:		Accept=application/json, application/javascript, text/javascript, text/json
				Content-Type=application/json
Cookies:		<none>
Multiparts:		<none>
Body:
{
    "name": "Jamie Kris Jr.",
    "email": "kim.block@hotmail.com",
    "password": "ofvlggl44v"
}
HTTP/1.1 201 Created
access-control-allow-origin: *
access-control-allow-credentials: true
access-control-allow-methods: GET, POST, PUT, DELETE, PATCH
access-control-allow-headers: Origin, X-Requested-With, Authorization, Content-Type, Accept, X-Auth-Token
content-type: application/json; charset=utf-8
content-encoding: gzip
etag: W/"ac-Gkxl2UNeWXphGEF+kZVahTILe94"
set-cookie: express:sess=eyJmbGFzaCI6e319; path=/; httponly
set-cookie: express:sess.sig=tdt42nQZiQvICqmrvHQ1_16fHk0; path=/; httponly
date: Wed, 31 May 2023 07:52:46 GMT
connection: keep-alive
keep-alive: timeout=5
transfer-encoding: chunked

{
    "success": true,
    "status": 201,
    "message": "User account created successfully",
    "data": {
        "id": "6476fccea8f9c70211263312",
        "name": "Jamie Kris Jr.",
        "email": "kim.block@hotmail.com"
    }
}
{
    "success": true,
    "status": 201,
    "message": "User account created successfully",
    "data": {
        "id": "6476fccea8f9c70211263312",
        "name": "Jamie Kris Jr.",
        "email": "kim.block@hotmail.com"
    }
}
]]></system-out>
    <system-err><![CDATA[SLF4J: Failed to load class "org.slf4j.impl.StaticLoggerBinder".
SLF4J: Defaulting to no-operation (NOP) logger implementation
SLF4J: See http://www.slf4j.org/codes.html#StaticLoggerBinder for further details.
]]></system-err>
  </testcase>
  <testcase name="performLogin[org.testng.TestRunner@2314cd97](1)" classname="com.notesapi.tests.UsersTests" time="0.971">
    <failure message="expected [201] but found [200]" type="java.lang.AssertionError"><![CDATA[java.lang.AssertionError: expected [201] but found [200]
	at org.testng.Assert.fail(Assert.java:110)
	at org.testng.Assert.failNotEquals(Assert.java:1413)
	at org.testng.Assert.assertEqualsImpl(Assert.java:149)
	at org.testng.Assert.assertEquals(Assert.java:131)
	at org.testng.Assert.assertEquals(Assert.java:1240)
	at org.testng.Assert.assertEquals(Assert.java:1274)
	at com.notesapi.tests.UsersTests.performLogin(UsersTests.java:44)
	at java.base/jdk.internal.reflect.NativeMethodAccessorImpl.invoke0(Native Method)
	at java.base/jdk.internal.reflect.NativeMethodAccessorImpl.invoke(NativeMethodAccessorImpl.java:77)
	at java.base/jdk.internal.reflect.DelegatingMethodAccessorImpl.invoke(DelegatingMethodAccessorImpl.java:43)
	at java.base/java.lang.reflect.Method.invoke(Method.java:568)
	at org.testng.internal.invokers.MethodInvocationHelper.invokeMethod(MethodInvocationHelper.java:139)
	at org.testng.internal.invokers.TestInvoker.invokeMethod(TestInvoker.java:677)
	at org.testng.internal.invokers.TestInvoker.invokeTestMethod(TestInvoker.java:221)
	at org.testng.internal.invokers.MethodRunner.runInSequence(MethodRunner.java:50)
	at org.testng.internal.invokers.TestInvoker$MethodInvocationAgent.invoke(TestInvoker.java:969)
	at org.testng.internal.invokers.TestInvoker.invokeTestMethods(TestInvoker.java:194)
	at org.testng.internal.invokers.TestMethodWorker.invokeTestMethods(TestMethodWorker.java:148)
	at org.testng.internal.invokers.TestMethodWorker.run(TestMethodWorker.java:128)
	at java.base/java.util.ArrayList.forEach(ArrayList.java:1511)
	at org.testng.TestRunner.privateRun(TestRunner.java:829)
	at org.testng.TestRunner.run(TestRunner.java:602)
	at org.testng.SuiteRunner.runTest(SuiteRunner.java:437)
	at org.testng.SuiteRunner.runSequentially(SuiteRunner.java:431)
	at org.testng.SuiteRunner.privateRun(SuiteRunner.java:391)
	at org.testng.SuiteRunner.run(SuiteRunner.java:330)
	at org.testng.SuiteRunnerWorker.runSuite(SuiteRunnerWorker.java:52)
	at org.testng.SuiteRunnerWorker.run(SuiteRunnerWorker.java:95)
	at org.testng.TestNG.runSuitesSequentially(TestNG.java:1256)
	at org.testng.TestNG.runSuitesLocally(TestNG.java:1176)
	at org.testng.TestNG.runSuites(TestNG.java:1099)
	at org.testng.TestNG.run(TestNG.java:1067)
	at org.apache.maven.surefire.testng.TestNGExecutor.run(TestNGExecutor.java:324)
	at org.apache.maven.surefire.testng.TestNGXmlTestSuite.execute(TestNGXmlTestSuite.java:74)
	at org.apache.maven.surefire.testng.TestNGProvider.invoke(TestNGProvider.java:123)
	at org.apache.maven.surefire.booter.ForkedBooter.runSuitesInProcess(ForkedBooter.java:456)
	at org.apache.maven.surefire.booter.ForkedBooter.execute(ForkedBooter.java:169)
	at org.apache.maven.surefire.booter.ForkedBooter.run(ForkedBooter.java:595)
	at org.apache.maven.surefire.booter.ForkedBooter.main(ForkedBooter.java:581)
]]></failure>
    <system-out><![CDATA[Request method:	POST
Request URI:	https://practice.expandtesting.com/notes/api/users/login
Proxy:			<none>
Request params:	<none>
Query params:	<none>
Form params:	<none>
Path params:	<none>
Headers:		Accept=application/json, application/javascript, text/javascript, text/json
				Content-Type=application/json
Cookies:		<none>
Multiparts:		<none>
Body:
{
    "email": "kim.block@hotmail.com",
    "password": "ofvlggl44v"
}
HTTP/1.1 200 OK
access-control-allow-origin: *
access-control-allow-credentials: true
access-control-allow-methods: GET, POST, PUT, DELETE, PATCH
access-control-allow-headers: Origin, X-Requested-With, Authorization, Content-Type, Accept, X-Auth-Token
content-type: application/json; charset=utf-8
content-encoding: gzip
etag: W/"e6-NhtBFKHMmZicvWIiYyNLgBDn8l8"
set-cookie: express:sess=eyJmbGFzaCI6e319; path=/; httponly
set-cookie: express:sess.sig=tdt42nQZiQvICqmrvHQ1_16fHk0; path=/; httponly
date: Wed, 31 May 2023 07:52:48 GMT
connection: keep-alive
keep-alive: timeout=5
transfer-encoding: chunked

{
    "success": true,
    "status": 200,
    "message": "Login successful",
    "data": {
        "id": "6476fccea8f9c70211263312",
        "name": "Jamie Kris Jr.",
        "email": "kim.block@hotmail.com",
        "token": "2073ccca1f624696ac64134b0679f0614875ccb4ae0840d181030177eadf7d52"
    }
}
{
    "success": true,
    "status": 200,
    "message": "Login successful",
    "data": {
        "id": "6476fccea8f9c70211263312",
        "name": "Jamie Kris Jr.",
        "email": "kim.block@hotmail.com",
        "token": "2073ccca1f624696ac64134b0679f0614875ccb4ae0840d181030177eadf7d52"
    }
}
]]></system-out>
  </testcase>
  <testcase name="retrieveUserInfo" classname="com.notesapi.tests.UsersTests" time="2.859">
    <system-out><![CDATA[Request method:	GET
Request URI:	https://practice.expandtesting.com/notes/api/users/profile
Proxy:			<none>
Request params:	<none>
Query params:	<none>
Form params:	<none>
Path params:	<none>
Headers:		x-auth-token=2073ccca1f624696ac64134b0679f0614875ccb4ae0840d181030177eadf7d52
				Accept=*/*
				Content-Type=application/json
Cookies:		<none>
Multiparts:		<none>
Body:			<none>
{
    "success": true,
    "status": 200,
    "message": "Profile successful",
    "data": {
        "id": "6476fccea8f9c70211263312",
        "name": "Jamie Kris Jr.",
        "email": "kim.block@hotmail.com"
    }
}
{
    "success": true,
    "status": 200,
    "message": "Profile successful",
    "data": {
        "id": "6476fccea8f9c70211263312",
        "name": "Jamie Kris Jr.",
        "email": "kim.block@hotmail.com"
    }
}
]]></system-out>
  </testcase>
  <testcase name="editUserInfo" classname="com.notesapi.tests.UsersTests" time="0.52">
    <failure message="expected [200] but found [400]" type="java.lang.AssertionError"><![CDATA[java.lang.AssertionError: expected [200] but found [400]
	at org.testng.Assert.fail(Assert.java:110)
	at org.testng.Assert.failNotEquals(Assert.java:1413)
	at org.testng.Assert.assertEqualsImpl(Assert.java:149)
	at org.testng.Assert.assertEquals(Assert.java:131)
	at org.testng.Assert.assertEquals(Assert.java:1240)
	at org.testng.Assert.assertEquals(Assert.java:1274)
	at com.notesapi.tests.UsersTests.editUserInfo(UsersTests.java:62)
	at java.base/jdk.internal.reflect.NativeMethodAccessorImpl.invoke0(Native Method)
	at java.base/jdk.internal.reflect.NativeMethodAccessorImpl.invoke(NativeMethodAccessorImpl.java:77)
	at java.base/jdk.internal.reflect.DelegatingMethodAccessorImpl.invoke(DelegatingMethodAccessorImpl.java:43)
	at java.base/java.lang.reflect.Method.invoke(Method.java:568)
	at org.testng.internal.invokers.MethodInvocationHelper.invokeMethod(MethodInvocationHelper.java:139)
	at org.testng.internal.invokers.TestInvoker.invokeMethod(TestInvoker.java:677)
	at org.testng.internal.invokers.TestInvoker.invokeTestMethod(TestInvoker.java:221)
	at org.testng.internal.invokers.MethodRunner.runInSequence(MethodRunner.java:50)
	at org.testng.internal.invokers.TestInvoker$MethodInvocationAgent.invoke(TestInvoker.java:969)
	at org.testng.internal.invokers.TestInvoker.invokeTestMethods(TestInvoker.java:194)
	at org.testng.internal.invokers.TestMethodWorker.invokeTestMethods(TestMethodWorker.java:148)
	at org.testng.internal.invokers.TestMethodWorker.run(TestMethodWorker.java:128)
	at java.base/java.util.ArrayList.forEach(ArrayList.java:1511)
	at org.testng.TestRunner.privateRun(TestRunner.java:829)
	at org.testng.TestRunner.run(TestRunner.java:602)
	at org.testng.SuiteRunner.runTest(SuiteRunner.java:437)
	at org.testng.SuiteRunner.runSequentially(SuiteRunner.java:431)
	at org.testng.SuiteRunner.privateRun(SuiteRunner.java:391)
	at org.testng.SuiteRunner.run(SuiteRunner.java:330)
	at org.testng.SuiteRunnerWorker.runSuite(SuiteRunnerWorker.java:52)
	at org.testng.SuiteRunnerWorker.run(SuiteRunnerWorker.java:95)
	at org.testng.TestNG.runSuitesSequentially(TestNG.java:1256)
	at org.testng.TestNG.runSuitesLocally(TestNG.java:1176)
	at org.testng.TestNG.runSuites(TestNG.java:1099)
	at org.testng.TestNG.run(TestNG.java:1067)
	at org.apache.maven.surefire.testng.TestNGExecutor.run(TestNGExecutor.java:324)
	at org.apache.maven.surefire.testng.TestNGXmlTestSuite.execute(TestNGXmlTestSuite.java:74)
	at org.apache.maven.surefire.testng.TestNGProvider.invoke(TestNGProvider.java:123)
	at org.apache.maven.surefire.booter.ForkedBooter.runSuitesInProcess(ForkedBooter.java:456)
	at org.apache.maven.surefire.booter.ForkedBooter.execute(ForkedBooter.java:169)
	at org.apache.maven.surefire.booter.ForkedBooter.run(ForkedBooter.java:595)
	at org.apache.maven.surefire.booter.ForkedBooter.main(ForkedBooter.java:581)
]]></failure>
    <system-out><![CDATA[Request method:	PATCH
Request URI:	https://practice.expandtesting.com/notes/api/users/profile
Proxy:			<none>
Request params:	<none>
Query params:	<none>
Form params:	<none>
Path params:	<none>
Headers:		Accept=application/json, application/javascript, text/javascript, text/json
				x-auth-token=2073ccca1f624696ac64134b0679f0614875ccb4ae0840d181030177eadf7d52
				Content-Type=application/json
Cookies:		<none>
Multiparts:		<none>
Body:
{
    "name": "Jamie Kris Jr.",
    "phone": "1335719303",
    "company": "Schultz, Lueilwitz and Homenick"
}
{
    "success": false,
    "status": 400,
    "message": "Company name must be between 4 and 30 characters"
}
{
    "success": false,
    "status": 400,
    "message": "Company name must be between 4 and 30 characters"
}
]]></system-out>
  </testcase>
  <testcase name="editUserPassword" classname="com.notesapi.tests.UsersTests" time="0.93">
    <system-out><![CDATA[Request method:	POST
Request URI:	https://practice.expandtesting.com/notes/api/users/change-password
Proxy:			<none>
Request params:	<none>
Query params:	<none>
Form params:	<none>
Path params:	<none>
Headers:		Accept=application/json, application/javascript, text/javascript, text/json
				x-auth-token=2073ccca1f624696ac64134b0679f0614875ccb4ae0840d181030177eadf7d52
				Content-Type=application/json
Cookies:		<none>
Multiparts:		<none>
Body:
{
    "currentPassword": "ofvlggl44v",
    "newPassword": "ja3kg9g1hg8fthxj"
}
HTTP/1.1 200 OK
access-control-allow-origin: *
access-control-allow-credentials: true
access-control-allow-methods: GET, POST, PUT, DELETE, PATCH
access-control-allow-headers: Origin, X-Requested-With, Authorization, Content-Type, Accept, X-Auth-Token
content-type: application/json; charset=utf-8
content-encoding: gzip
etag: W/"4f-ava50LOZV9GrNX1jv2XMGsJdMdg"
set-cookie: express:sess=eyJmbGFzaCI6e319; path=/; httponly
set-cookie: express:sess.sig=tdt42nQZiQvICqmrvHQ1_16fHk0; path=/; httponly
date: Wed, 31 May 2023 07:52:52 GMT
connection: keep-alive
keep-alive: timeout=5
transfer-encoding: chunked

{
    "success": true,
    "status": 200,
    "message": "The password was successfully updated"
}
{
    "success": true,
    "status": 200,
    "message": "The password was successfully updated"
}
]]></system-out>
  </testcase>
  <testcase name="createNewNote" classname="com.notesapi.tests.NotesTests" time="0.946">
    <system-out><![CDATA[Request method:	POST
Request URI:	https://practice.expandtesting.com/notes/api/notes
Proxy:			<none>
Request params:	<none>
Query params:	<none>
Form params:	<none>
Path params:	<none>
Headers:		Accept=application/json, application/javascript, text/javascript, text/json
				x-auth-token=2073ccca1f624696ac64134b0679f0614875ccb4ae0840d181030177eadf7d52
				Content-Type=application/json
Cookies:		<none>
Multiparts:		<none>
Body:
{
    "title": "That Hideous Strength",
    "description": "Number the Stars",
    "category": "Personal",
    "completed": false
}
HTTP/1.1 200 OK
access-control-allow-origin: *
access-control-allow-credentials: true
access-control-allow-methods: GET, POST, PUT, DELETE, PATCH
access-control-allow-headers: Origin, X-Requested-With, Authorization, Content-Type, Accept, X-Auth-Token
content-type: application/json; charset=utf-8
content-encoding: gzip
etag: W/"14a-FsynYQO3ZeqTmXAaZsLqMybCsNo"
set-cookie: express:sess=eyJmbGFzaCI6e319; path=/; httponly
set-cookie: express:sess.sig=tdt42nQZiQvICqmrvHQ1_16fHk0; path=/; httponly
date: Wed, 31 May 2023 07:52:53 GMT
connection: keep-alive
keep-alive: timeout=5
transfer-encoding: chunked

{
    "success": true,
    "status": 200,
    "message": "Note successfully created",
    "data": {
        "id": "6476fcd5a8f9c7021126332a",
        "title": "That Hideous Strength",
        "description": "Number the Stars",
        "category": "Personal",
        "completed": false,
        "created_at": "2023-05-31T07:52:53.345Z",
        "updated_at": "2023-05-31T07:52:53.345Z",
        "user_id": "6476fccea8f9c70211263312"
    }
}
{
    "success": true,
    "status": 200,
    "message": "Note successfully created",
    "data": {
        "id": "6476fcd5a8f9c7021126332a",
        "title": "That Hideous Strength",
        "description": "Number the Stars",
        "category": "Personal",
        "completed": false,
        "created_at": "2023-05-31T07:52:53.345Z",
        "updated_at": "2023-05-31T07:52:53.345Z",
        "user_id": "6476fccea8f9c70211263312"
    }
}
GENERATED ID - 6476fcd5a8f9c7021126332a
]]></system-out>
  </testcase>
  <testcase name="retrieveNote" classname="com.notesapi.tests.NotesTests" time="0.491">
    <system-out><![CDATA[Request method:	GET
Request URI:	https://practice.expandtesting.com/notes/api/notes
Proxy:			<none>
Request params:	<none>
Query params:	<none>
Form params:	<none>
Path params:	<none>
Headers:		x-auth-token=2073ccca1f624696ac64134b0679f0614875ccb4ae0840d181030177eadf7d52
				Accept=*/*
				Content-Type=application/json
Cookies:		<none>
Multiparts:		<none>
Body:			<none>
{
    "success": true,
    "status": 200,
    "message": "Notes successfully retrieved",
    "data": [
        {
            "id": "6476fcd5a8f9c7021126332a",
            "title": "That Hideous Strength",
            "description": "Number the Stars",
            "category": "Personal",
            "completed": false,
            "created_at": "2023-05-31T07:52:53.345Z",
            "updated_at": "2023-05-31T07:52:53.345Z",
            "user_id": "6476fccea8f9c70211263312"
        }
    ]
}
{
    "success": true,
    "status": 200,
    "message": "Notes successfully retrieved",
    "data": [
        {
            "id": "6476fcd5a8f9c7021126332a",
            "title": "That Hideous Strength",
            "description": "Number the Stars",
            "category": "Personal",
            "completed": false,
            "created_at": "2023-05-31T07:52:53.345Z",
            "updated_at": "2023-05-31T07:52:53.345Z",
            "user_id": "6476fccea8f9c70211263312"
        }
    ]
}
]]></system-out>
  </testcase>
  <testcase name="retrieveNoteById" classname="com.notesapi.tests.NotesTests" time="0.871">
    <system-out><![CDATA[Request method:	GET
Request URI:	https://practice.expandtesting.com/notes/api/notes/6476fcd5a8f9c7021126332a
Proxy:			<none>
Request params:	<none>
Query params:	<none>
Form params:	<none>
Path params:	id=6476fcd5a8f9c7021126332a
Headers:		x-auth-token=2073ccca1f624696ac64134b0679f0614875ccb4ae0840d181030177eadf7d52
				Accept=*/*
				Content-Type=application/json
Cookies:		<none>
Multiparts:		<none>
Body:			<none>
{
    "success": true,
    "status": 200,
    "message": "Note successfully retrieved",
    "data": {
        "id": "6476fcd5a8f9c7021126332a",
        "title": "That Hideous Strength",
        "description": "Number the Stars",
        "category": "Personal",
        "completed": false,
        "created_at": "2023-05-31T07:52:53.345Z",
        "updated_at": "2023-05-31T07:52:53.345Z",
        "user_id": "6476fccea8f9c70211263312"
    }
}
{
    "success": true,
    "status": 200,
    "message": "Note successfully retrieved",
    "data": {
        "id": "6476fcd5a8f9c7021126332a",
        "title": "That Hideous Strength",
        "description": "Number the Stars",
        "category": "Personal",
        "completed": false,
        "created_at": "2023-05-31T07:52:53.345Z",
        "updated_at": "2023-05-31T07:52:53.345Z",
        "user_id": "6476fccea8f9c70211263312"
    }
}
]]></system-out>
  </testcase>
  <testcase name="updateExistingNote" classname="com.notesapi.tests.NotesTests" time="0.776">
    <system-out><![CDATA[Request method:	PUT
Request URI:	https://practice.expandtesting.com/notes/api/notes/6476fcd5a8f9c7021126332a
Proxy:			<none>
Request params:	<none>
Query params:	<none>
Form params:	<none>
Path params:	id=6476fcd5a8f9c7021126332a
Headers:		Accept=application/json, application/javascript, text/javascript, text/json
				x-auth-token=2073ccca1f624696ac64134b0679f0614875ccb4ae0840d181030177eadf7d52
				Content-Type=application/json
Cookies:		<none>
Multiparts:		<none>
Body:
{
    "title": "That Hideous Strength",
    "description": "Number the Stars",
    "category": "Personal",
    "completed": false
}
{
    "success": true,
    "status": 200,
    "message": "Note successfully Updated",
    "data": {
        "id": "6476fcd5a8f9c7021126332a",
        "title": "That Hideous Strength",
        "description": "Number the Stars",
        "category": "Personal",
        "completed": false,
        "created_at": "2023-05-31T07:52:53.345Z",
        "updated_at": "2023-05-31T07:52:53.345Z",
        "user_id": "6476fccea8f9c70211263312"
    }
}
{
    "success": true,
    "status": 200,
    "message": "Note successfully Updated",
    "data": {
        "id": "6476fcd5a8f9c7021126332a",
        "title": "That Hideous Strength",
        "description": "Number the Stars",
        "category": "Personal",
        "completed": false,
        "created_at": "2023-05-31T07:52:53.345Z",
        "updated_at": "2023-05-31T07:52:53.345Z",
        "user_id": "6476fccea8f9c70211263312"
    }
}
]]></system-out>
  </testcase>
  <testcase name="updateCompleteStatusOfNote" classname="com.notesapi.tests.NotesTests" time="0.688">
    <system-out><![CDATA[Request method:	PATCH
Request URI:	https://practice.expandtesting.com/notes/api/notes/6476fcd5a8f9c7021126332a
Proxy:			<none>
Request params:	<none>
Query params:	<none>
Form params:	<none>
Path params:	id=6476fcd5a8f9c7021126332a
Headers:		Accept=application/json, application/javascript, text/javascript, text/json
				x-auth-token=2073ccca1f624696ac64134b0679f0614875ccb4ae0840d181030177eadf7d52
				Content-Type=application/json
Cookies:		<none>
Multiparts:		<none>
Body:
{
    "completed": true
}
{
    "success": true,
    "status": 200,
    "message": "Note successfully Updated",
    "data": {
        "id": "6476fcd5a8f9c7021126332a",
        "title": "That Hideous Strength",
        "description": "Number the Stars",
        "category": "Personal",
        "completed": true,
        "created_at": "2023-05-31T07:52:53.345Z",
        "updated_at": "2023-05-31T07:52:56.247Z",
        "user_id": "6476fccea8f9c70211263312"
    }
}
{
    "success": true,
    "status": 200,
    "message": "Note successfully Updated",
    "data": {
        "id": "6476fcd5a8f9c7021126332a",
        "title": "That Hideous Strength",
        "description": "Number the Stars",
        "category": "Personal",
        "completed": true,
        "created_at": "2023-05-31T07:52:53.345Z",
        "updated_at": "2023-05-31T07:52:56.247Z",
        "user_id": "6476fccea8f9c70211263312"
    }
}
]]></system-out>
  </testcase>
  <testcase name="deleteNoteById" classname="com.notesapi.tests.NotesTests" time="0.688">
    <system-out><![CDATA[Request method:	DELETE
Request URI:	https://practice.expandtesting.com/notes/api/notes/6476fcd5a8f9c7021126332a
Proxy:			<none>
Request params:	<none>
Query params:	<none>
Form params:	<none>
Path params:	id=6476fcd5a8f9c7021126332a
Headers:		x-auth-token=2073ccca1f624696ac64134b0679f0614875ccb4ae0840d181030177eadf7d52
				Accept=*/*
				Content-Type=application/json
Cookies:		<none>
Multiparts:		<none>
Body:			<none>
{
    "success": true,
    "status": 200,
    "message": "Note successfully deleted"
}
{
    "success": true,
    "status": 200,
    "message": "Note successfully deleted"
}
]]></system-out>
  </testcase>
</testsuite>