<?xml version="1.0" encoding="UTF-8"?>
<!-- Generated by org.testng.reporters.JUnitReportReporter -->
<testsuite hostname="home-laptop" failures="0" tests="6" name="com.notesapi.tests.NotesTests" time="3.958" errors="0" timestamp="2023-05-27T18:26:09 IST" skipped="0">
  <testcase classname="com.notesapi.tests.NotesTests" name="createNewNote" time="0.766"/>
  <system-out/>
  <testcase classname="com.notesapi.tests.NotesTests" name="retrieveNote" time="0.543"/>
  <system-out/>
  <testcase classname="com.notesapi.tests.NotesTests" name="retrieveNoteById" time="0.594"/>
  <system-out/>
  <testcase classname="com.notesapi.tests.NotesTests" name="updateExistingNote" time="0.692"/>
  <system-out/>
  <testcase classname="com.notesapi.tests.NotesTests" name="updateCompleteStatusOfNote" time="0.680"/>
  <system-out/>
  <testcase classname="com.notesapi.tests.NotesTests" name="deleteNoteById" time="0.683"/>
  <system-out/>
</testsuite> <!-- com.notesapi.tests.NotesTests -->
