<?xml version="1.0" encoding="UTF-8"?>
<!-- Generated by org.testng.reporters.JUnitReportReporter -->
<testsuite hostname="home-laptop" failures="0" tests="6" name="com.notesapi.tests.NotesTests" time="3.633" errors="0" timestamp="2023-05-27T01:33:48 IST" skipped="0">
  <testcase classname="com.notesapi.tests.NotesTests" name="createNewNote" time="0.599"/>
  <system-out/>
  <testcase classname="com.notesapi.tests.NotesTests" name="retrieveNote" time="0.577"/>
  <system-out/>
  <testcase classname="com.notesapi.tests.NotesTests" name="retrieveNoteById" time="0.582"/>
  <system-out/>
  <testcase classname="com.notesapi.tests.NotesTests" name="updateExistingNote" time="0.656"/>
  <system-out/>
  <testcase classname="com.notesapi.tests.NotesTests" name="updateCompleteStatusOfNote" time="0.635"/>
  <system-out/>
  <testcase classname="com.notesapi.tests.NotesTests" name="deleteNoteById" time="0.584"/>
  <system-out/>
</testsuite> <!-- com.notesapi.tests.NotesTests -->
