<?xml version="1.0" encoding="UTF-8"?>
<!-- Generated by org.testng.reporters.JUnitReportReporter -->
<testsuite hostname="home-laptop" failures="0" tests="6" name="com.notesapi.tests.NotesTests" time="3.854" errors="0" timestamp="2023-06-01T16:34:45 IST" skipped="0">
  <testcase classname="com.notesapi.tests.NotesTests" name="createNewNote" time="0.808"/>
  <system-out/>
  <testcase classname="com.notesapi.tests.NotesTests" name="retrieveNote" time="0.553"/>
  <system-out/>
  <testcase classname="com.notesapi.tests.NotesTests" name="retrieveNoteById" time="0.587"/>
  <system-out/>
  <testcase classname="com.notesapi.tests.NotesTests" name="updateExistingNote" time="0.628"/>
  <system-out/>
  <testcase classname="com.notesapi.tests.NotesTests" name="updateCompleteStatusOfNote" time="0.625"/>
  <system-out/>
  <testcase classname="com.notesapi.tests.NotesTests" name="deleteNoteById" time="0.653"/>
  <system-out/>
</testsuite> <!-- com.notesapi.tests.NotesTests -->
