<?xml version="1.0" encoding="UTF-8"?>
<!-- Generated by org.testng.reporters.JUnitReportReporter -->
<testsuite hostname="home-laptop" failures="0" tests="6" name="com.notesapi.tests.NotesTests" time="4.189" errors="0" timestamp="2023-05-27T17:42:30 IST" skipped="0">
  <testcase classname="com.notesapi.tests.NotesTests" name="createNewNote" time="0.844"/>
  <system-out/>
  <testcase classname="com.notesapi.tests.NotesTests" name="retrieveNote" time="0.593"/>
  <system-out/>
  <testcase classname="com.notesapi.tests.NotesTests" name="retrieveNoteById" time="0.669"/>
  <system-out/>
  <testcase classname="com.notesapi.tests.NotesTests" name="updateExistingNote" time="0.722"/>
  <system-out/>
  <testcase classname="com.notesapi.tests.NotesTests" name="updateCompleteStatusOfNote" time="0.667"/>
  <system-out/>
  <testcase classname="com.notesapi.tests.NotesTests" name="deleteNoteById" time="0.694"/>
  <system-out/>
</testsuite> <!-- com.notesapi.tests.NotesTests -->
