<?xml version="1.0" encoding="UTF-8"?>
<!-- Generated by org.testng.reporters.JUnitReportReporter -->
<testsuite hostname="home-laptop" failures="0" tests="6" name="com.notesapi.tests.NotesTests" time="4.452" errors="0" timestamp="2023-05-31T13:22:57 IST" skipped="0">
  <testcase classname="com.notesapi.tests.NotesTests" name="createNewNote" time="0.860"/>
  <system-out/>
  <testcase classname="com.notesapi.tests.NotesTests" name="retrieveNote" time="0.582"/>
  <system-out/>
  <testcase classname="com.notesapi.tests.NotesTests" name="retrieveNoteById" time="0.839"/>
  <system-out/>
  <testcase classname="com.notesapi.tests.NotesTests" name="updateExistingNote" time="0.698"/>
  <system-out/>
  <testcase classname="com.notesapi.tests.NotesTests" name="updateCompleteStatusOfNote" time="0.745"/>
  <system-out/>
  <testcase classname="com.notesapi.tests.NotesTests" name="deleteNoteById" time="0.728"/>
  <system-out/>
</testsuite> <!-- com.notesapi.tests.NotesTests -->
