<?xml version="1.0" encoding="UTF-8"?>
<!-- Generated by org.testng.reporters.JUnitReportReporter -->
<testsuite hostname="home-laptop" failures="0" tests="5" name="com.notesapi.tests.UsersTests" time="8.798" errors="0" timestamp="2023-05-26T18:54:38 IST" skipped="0">
  <testcase classname="com.notesapi.tests.UsersTests" name="createNewUser" time="4.803"/>
  <system-out/>
  <testcase classname="com.notesapi.tests.UsersTests" name="performLogin" time="1.880"/>
  <system-out/>
  <testcase classname="com.notesapi.tests.UsersTests" name="retrieveUserInfo" time="0.596"/>
  <system-out/>
  <testcase classname="com.notesapi.tests.UsersTests" name="editUserInfo" time="0.644"/>
  <system-out/>
  <testcase classname="com.notesapi.tests.UsersTests" name="editUserPassword" time="0.875"/>
  <system-out/>
</testsuite> <!-- com.notesapi.tests.UsersTests -->
