<?xml version="1.0" encoding="UTF-8"?>
<!-- Generated by org.testng.reporters.JUnitReportReporter -->
<testsuite hostname="home-laptop" failures="0" tests="5" name="com.notesapi.tests.UsersTests" time="14.041" errors="0" timestamp="2023-06-01T16:34:45 IST" skipped="0">
  <testcase classname="com.notesapi.tests.UsersTests" name="createNewUser" time="8.541"/>
  <system-out/>
  <testcase classname="com.notesapi.tests.UsersTests" name="performLogin" time="3.180"/>
  <system-out/>
  <testcase classname="com.notesapi.tests.UsersTests" name="retrieveUserInfo" time="0.591"/>
  <system-out/>
  <testcase classname="com.notesapi.tests.UsersTests" name="editUserInfo" time="0.839"/>
  <system-out/>
  <testcase classname="com.notesapi.tests.UsersTests" name="editUserPassword" time="0.890"/>
  <system-out/>
</testsuite> <!-- com.notesapi.tests.UsersTests -->
